app/build/intermediates/manifest_merge_blame_file/debug/manifest-merger-blame-debug-report.txt
1<?xml version="1.0" encoding="utf-8"?>
2<manifest xmlns:android="http://schemas.android.com/apk/res/android"
3    package="com.personalfinance.app"
4    android:versionCode="1"
5    android:versionName="1.0" >
6
7    <uses-sdk
8        android:minSdkVersion="24"
9        android:targetSdkVersion="34" />
10
11    <!-- Network permissions -->
12    <uses-permission android:name="android.permission.INTERNET" />
12-->src/main/AndroidManifest.xml:6:5-67
12-->src/main/AndroidManifest.xml:6:22-64
13    <uses-permission android:name="android.permission.ACCESS_NETWORK_STATE" />
13-->src/main/AndroidManifest.xml:7:5-79
13-->src/main/AndroidManifest.xml:7:22-76
14
15    <!-- Biometric permissions -->
16    <uses-permission android:name="android.permission.USE_FINGERPRINT" />
16-->src/main/AndroidManifest.xml:10:5-74
16-->src/main/AndroidManifest.xml:10:22-71
17    <uses-permission android:name="android.permission.USE_BIOMETRIC" />
17-->src/main/AndroidManifest.xml:11:5-72
17-->src/main/AndroidManifest.xml:11:22-69
18
19    <!-- Storage permissions -->
20    <uses-permission
20-->src/main/AndroidManifest.xml:14:5-15:38
21        android:name="android.permission.WRITE_EXTERNAL_STORAGE"
21-->src/main/AndroidManifest.xml:14:22-78
22        android:maxSdkVersion="28" />
22-->src/main/AndroidManifest.xml:15:9-35
23
24    <!-- Notification permissions -->
25    <uses-permission android:name="android.permission.POST_NOTIFICATIONS" />
25-->src/main/AndroidManifest.xml:18:5-77
25-->src/main/AndroidManifest.xml:18:22-74
26    <uses-permission android:name="android.permission.WAKE_LOCK" /> <!-- Required by older versions of Google Play services to create IID tokens -->
26-->[com.google.firebase:firebase-messaging:23.4.0] AndroidManifest.xml:24:5-68
26-->[com.google.firebase:firebase-messaging:23.4.0] AndroidManifest.xml:24:22-65
27    <uses-permission android:name="com.google.android.c2dm.permission.RECEIVE" />
27-->[com.google.firebase:firebase-messaging:23.4.0] AndroidManifest.xml:26:5-82
27-->[com.google.firebase:firebase-messaging:23.4.0] AndroidManifest.xml:26:22-79
28    <uses-permission android:name="com.google.android.gms.permission.AD_ID" />
28-->[com.google.android.gms:play-services-measurement-api:21.5.0] AndroidManifest.xml:25:5-79
28-->[com.google.android.gms:play-services-measurement-api:21.5.0] AndroidManifest.xml:25:22-76
29    <uses-permission android:name="android.permission.ACCESS_ADSERVICES_ATTRIBUTION" />
29-->[com.google.android.gms:play-services-measurement-api:21.5.0] AndroidManifest.xml:26:5-88
29-->[com.google.android.gms:play-services-measurement-api:21.5.0] AndroidManifest.xml:26:22-85
30    <uses-permission android:name="android.permission.ACCESS_ADSERVICES_AD_ID" />
30-->[com.google.android.gms:play-services-measurement-api:21.5.0] AndroidManifest.xml:27:5-82
30-->[com.google.android.gms:play-services-measurement-api:21.5.0] AndroidManifest.xml:27:22-79
31    <uses-permission android:name="com.google.android.providers.gsf.permission.READ_GSERVICES" />
31-->[com.google.android.recaptcha:recaptcha:18.4.0] AndroidManifest.xml:9:5-98
31-->[com.google.android.recaptcha:recaptcha:18.4.0] AndroidManifest.xml:9:22-95
32    <uses-permission android:name="com.google.android.finsky.permission.BIND_GET_INSTALL_REFERRER_SERVICE" />
32-->[com.google.android.gms:play-services-measurement:21.5.0] AndroidManifest.xml:26:5-110
32-->[com.google.android.gms:play-services-measurement:21.5.0] AndroidManifest.xml:26:22-107
33    <uses-permission android:name="android.permission.RECEIVE_BOOT_COMPLETED" />
33-->[androidx.work:work-runtime:2.9.0] AndroidManifest.xml:25:5-81
33-->[androidx.work:work-runtime:2.9.0] AndroidManifest.xml:25:22-78
34    <uses-permission android:name="android.permission.FOREGROUND_SERVICE" />
34-->[androidx.work:work-runtime:2.9.0] AndroidManifest.xml:26:5-77
34-->[androidx.work:work-runtime:2.9.0] AndroidManifest.xml:26:22-74
35
36    <permission
36-->[androidx.core:core:1.12.0] AndroidManifest.xml:22:5-24:47
37        android:name="com.personalfinance.app.DYNAMIC_RECEIVER_NOT_EXPORTED_PERMISSION"
37-->[androidx.core:core:1.12.0] AndroidManifest.xml:23:9-81
38        android:protectionLevel="signature" />
38-->[androidx.core:core:1.12.0] AndroidManifest.xml:24:9-44
39
40    <uses-permission android:name="com.personalfinance.app.DYNAMIC_RECEIVER_NOT_EXPORTED_PERMISSION" />
40-->[androidx.core:core:1.12.0] AndroidManifest.xml:26:5-97
40-->[androidx.core:core:1.12.0] AndroidManifest.xml:26:22-94
41
42    <application
42-->src/main/AndroidManifest.xml:20:5-63:19
43        android:name="com.personalfinance.app.PersonalFinanceApplication"
43-->src/main/AndroidManifest.xml:21:9-51
44        android:allowBackup="true"
44-->src/main/AndroidManifest.xml:22:9-35
45        android:appComponentFactory="androidx.core.app.CoreComponentFactory"
45-->[androidx.core:core:1.12.0] AndroidManifest.xml:28:18-86
46        android:dataExtractionRules="@xml/data_extraction_rules"
46-->src/main/AndroidManifest.xml:23:9-65
47        android:debuggable="true"
48        android:extractNativeLibs="false"
49        android:fullBackupContent="@xml/backup_rules"
49-->src/main/AndroidManifest.xml:24:9-54
50        android:icon="@mipmap/ic_launcher"
50-->src/main/AndroidManifest.xml:25:9-43
51        android:label="@string/app_name"
51-->src/main/AndroidManifest.xml:26:9-41
52        android:roundIcon="@mipmap/ic_launcher_round"
52-->src/main/AndroidManifest.xml:27:9-54
53        android:supportsRtl="true"
53-->src/main/AndroidManifest.xml:28:9-35
54        android:theme="@style/Theme.PersonalFinanceApp" >
54-->src/main/AndroidManifest.xml:29:9-56
55        <activity
55-->src/main/AndroidManifest.xml:32:9-41:20
56            android:name="com.personalfinance.app.presentation.MainActivity"
56-->src/main/AndroidManifest.xml:33:13-54
57            android:exported="true"
57-->src/main/AndroidManifest.xml:34:13-36
58            android:label="@string/app_name"
58-->src/main/AndroidManifest.xml:35:13-45
59            android:theme="@style/Theme.PersonalFinanceApp" >
59-->src/main/AndroidManifest.xml:36:13-60
60            <intent-filter>
60-->src/main/AndroidManifest.xml:37:13-40:29
61                <action android:name="android.intent.action.MAIN" />
61-->src/main/AndroidManifest.xml:38:17-69
61-->src/main/AndroidManifest.xml:38:25-66
62
63                <category android:name="android.intent.category.LAUNCHER" />
63-->src/main/AndroidManifest.xml:39:17-77
63-->src/main/AndroidManifest.xml:39:27-74
64            </intent-filter>
65        </activity>
66
67        <!-- Firebase Messaging Service -->
68        <service
68-->src/main/AndroidManifest.xml:44:9-50:19
69            android:name="com.personalfinance.app.data.remote.notifications.PersonalFinanceMessagingService"
69-->src/main/AndroidManifest.xml:45:13-86
70            android:exported="false" >
70-->src/main/AndroidManifest.xml:46:13-37
71            <intent-filter>
71-->src/main/AndroidManifest.xml:47:13-49:29
72                <action android:name="com.google.firebase.MESSAGING_EVENT" />
72-->src/main/AndroidManifest.xml:48:17-78
72-->src/main/AndroidManifest.xml:48:25-75
73            </intent-filter>
74        </service>
75
76        <!-- Work Manager -->
77        <provider
78            android:name="androidx.startup.InitializationProvider"
78-->src/main/AndroidManifest.xml:54:13-67
79            android:authorities="com.personalfinance.app.androidx-startup"
79-->src/main/AndroidManifest.xml:55:13-68
80            android:exported="false" >
80-->src/main/AndroidManifest.xml:56:13-37
81            <meta-data
81-->src/main/AndroidManifest.xml:58:13-60:52
82                android:name="androidx.work.WorkManagerInitializer"
82-->src/main/AndroidManifest.xml:59:17-68
83                android:value="androidx.startup" />
83-->src/main/AndroidManifest.xml:60:17-49
84            <meta-data
84-->[androidx.emoji2:emoji2:1.3.0] AndroidManifest.xml:29:13-31:52
85                android:name="androidx.emoji2.text.EmojiCompatInitializer"
85-->[androidx.emoji2:emoji2:1.3.0] AndroidManifest.xml:30:17-75
86                android:value="androidx.startup" />
86-->[androidx.emoji2:emoji2:1.3.0] AndroidManifest.xml:31:17-49
87            <meta-data
87-->[androidx.lifecycle:lifecycle-process:2.7.0] AndroidManifest.xml:29:13-31:52
88                android:name="androidx.lifecycle.ProcessLifecycleInitializer"
88-->[androidx.lifecycle:lifecycle-process:2.7.0] AndroidManifest.xml:30:17-78
89                android:value="androidx.startup" />
89-->[androidx.lifecycle:lifecycle-process:2.7.0] AndroidManifest.xml:31:17-49
90            <meta-data
90-->[androidx.profileinstaller:profileinstaller:1.3.1] AndroidManifest.xml:29:13-31:52
91                android:name="androidx.profileinstaller.ProfileInstallerInitializer"
91-->[androidx.profileinstaller:profileinstaller:1.3.1] AndroidManifest.xml:30:17-85
92                android:value="androidx.startup" />
92-->[androidx.profileinstaller:profileinstaller:1.3.1] AndroidManifest.xml:31:17-49
93        </provider>
94
95        <service
95-->[com.google.firebase:firebase-perf-ktx:20.5.1] AndroidManifest.xml:9:9-15:19
96            android:name="com.google.firebase.components.ComponentDiscoveryService"
96-->[com.google.firebase:firebase-perf-ktx:20.5.1] AndroidManifest.xml:10:13-84
97            android:directBootAware="true"
97-->[com.google.firebase:firebase-common:20.4.2] AndroidManifest.xml:32:13-43
98            android:exported="false" >
98-->[com.google.firebase:firebase-perf-ktx:20.5.1] AndroidManifest.xml:11:13-37
99            <meta-data
99-->[com.google.firebase:firebase-perf-ktx:20.5.1] AndroidManifest.xml:12:13-14:85
100                android:name="com.google.firebase.components:com.google.firebase.perf.ktx.FirebasePerfLegacyRegistrar"
100-->[com.google.firebase:firebase-perf-ktx:20.5.1] AndroidManifest.xml:13:17-119
101                android:value="com.google.firebase.components.ComponentRegistrar" />
101-->[com.google.firebase:firebase-perf-ktx:20.5.1] AndroidManifest.xml:14:17-82
102            <meta-data
102-->[com.google.firebase:firebase-perf:20.5.1] AndroidManifest.xml:14:13-16:85
103                android:name="com.google.firebase.components:com.google.firebase.perf.FirebasePerfKtxRegistrar"
103-->[com.google.firebase:firebase-perf:20.5.1] AndroidManifest.xml:15:17-112
104                android:value="com.google.firebase.components.ComponentRegistrar" />
104-->[com.google.firebase:firebase-perf:20.5.1] AndroidManifest.xml:16:17-82
105            <meta-data
105-->[com.google.firebase:firebase-perf:20.5.1] AndroidManifest.xml:17:13-19:85
106                android:name="com.google.firebase.components:com.google.firebase.perf.FirebasePerfRegistrar"
106-->[com.google.firebase:firebase-perf:20.5.1] AndroidManifest.xml:18:17-109
107                android:value="com.google.firebase.components.ComponentRegistrar" />
107-->[com.google.firebase:firebase-perf:20.5.1] AndroidManifest.xml:19:17-82
108            <meta-data
108-->[com.google.firebase:firebase-auth-ktx:22.3.1] AndroidManifest.xml:11:13-13:85
109                android:name="com.google.firebase.components:com.google.firebase.auth.ktx.FirebaseAuthLegacyRegistrar"
109-->[com.google.firebase:firebase-auth-ktx:22.3.1] AndroidManifest.xml:12:17-119
110                android:value="com.google.firebase.components.ComponentRegistrar" />
110-->[com.google.firebase:firebase-auth-ktx:22.3.1] AndroidManifest.xml:13:17-82
111            <meta-data
111-->[com.google.firebase:firebase-auth:22.3.1] AndroidManifest.xml:69:13-71:85
112                android:name="com.google.firebase.components:com.google.firebase.auth.FirebaseAuthRegistrar"
112-->[com.google.firebase:firebase-auth:22.3.1] AndroidManifest.xml:70:17-109
113                android:value="com.google.firebase.components.ComponentRegistrar" />
113-->[com.google.firebase:firebase-auth:22.3.1] AndroidManifest.xml:71:17-82
114            <meta-data
114-->[com.google.firebase:firebase-storage-ktx:20.3.0] AndroidManifest.xml:12:13-14:85
115                android:name="com.google.firebase.components:com.google.firebase.storage.ktx.FirebaseStorageLegacyRegistrar"
115-->[com.google.firebase:firebase-storage-ktx:20.3.0] AndroidManifest.xml:13:17-125
116                android:value="com.google.firebase.components.ComponentRegistrar" />
116-->[com.google.firebase:firebase-storage-ktx:20.3.0] AndroidManifest.xml:14:17-82
117            <meta-data
117-->[com.google.firebase:firebase-storage:20.3.0] AndroidManifest.xml:30:13-32:85
118                android:name="com.google.firebase.components:com.google.firebase.storage.FirebaseStorageKtxRegistrar"
118-->[com.google.firebase:firebase-storage:20.3.0] AndroidManifest.xml:31:17-118
119                android:value="com.google.firebase.components.ComponentRegistrar" />
119-->[com.google.firebase:firebase-storage:20.3.0] AndroidManifest.xml:32:17-82
120            <meta-data
120-->[com.google.firebase:firebase-storage:20.3.0] AndroidManifest.xml:33:13-35:85
121                android:name="com.google.firebase.components:com.google.firebase.storage.StorageRegistrar"
121-->[com.google.firebase:firebase-storage:20.3.0] AndroidManifest.xml:34:17-107
122                android:value="com.google.firebase.components.ComponentRegistrar" />
122-->[com.google.firebase:firebase-storage:20.3.0] AndroidManifest.xml:35:17-82
123            <meta-data
123-->[com.google.firebase:firebase-firestore-ktx:24.10.1] AndroidManifest.xml:12:13-14:85
124                android:name="com.google.firebase.components:com.google.firebase.firestore.ktx.FirebaseFirestoreLegacyRegistrar"
124-->[com.google.firebase:firebase-firestore-ktx:24.10.1] AndroidManifest.xml:13:17-129
125                android:value="com.google.firebase.components.ComponentRegistrar" />
125-->[com.google.firebase:firebase-firestore-ktx:24.10.1] AndroidManifest.xml:14:17-82
126            <meta-data
126-->[com.google.firebase:firebase-firestore:24.10.1] AndroidManifest.xml:17:13-19:85
127                android:name="com.google.firebase.components:com.google.firebase.firestore.FirebaseFirestoreKtxRegistrar"
127-->[com.google.firebase:firebase-firestore:24.10.1] AndroidManifest.xml:18:17-122
128                android:value="com.google.firebase.components.ComponentRegistrar" />
128-->[com.google.firebase:firebase-firestore:24.10.1] AndroidManifest.xml:19:17-82
129            <meta-data
129-->[com.google.firebase:firebase-firestore:24.10.1] AndroidManifest.xml:20:13-22:85
130                android:name="com.google.firebase.components:com.google.firebase.firestore.FirestoreRegistrar"
130-->[com.google.firebase:firebase-firestore:24.10.1] AndroidManifest.xml:21:17-111
131                android:value="com.google.firebase.components.ComponentRegistrar" />
131-->[com.google.firebase:firebase-firestore:24.10.1] AndroidManifest.xml:22:17-82
132            <meta-data
132-->[com.google.firebase:firebase-messaging-ktx:23.4.0] AndroidManifest.xml:26:13-28:85
133                android:name="com.google.firebase.components:com.google.firebase.messaging.ktx.FirebaseMessagingLegacyRegistrar"
133-->[com.google.firebase:firebase-messaging-ktx:23.4.0] AndroidManifest.xml:27:17-129
134                android:value="com.google.firebase.components.ComponentRegistrar" />
134-->[com.google.firebase:firebase-messaging-ktx:23.4.0] AndroidManifest.xml:28:17-82
135            <meta-data
135-->[com.google.firebase:firebase-messaging:23.4.0] AndroidManifest.xml:57:13-59:85
136                android:name="com.google.firebase.components:com.google.firebase.messaging.FirebaseMessagingKtxRegistrar"
136-->[com.google.firebase:firebase-messaging:23.4.0] AndroidManifest.xml:58:17-122
137                android:value="com.google.firebase.components.ComponentRegistrar" />
137-->[com.google.firebase:firebase-messaging:23.4.0] AndroidManifest.xml:59:17-82
138            <meta-data
138-->[com.google.firebase:firebase-messaging:23.4.0] AndroidManifest.xml:60:13-62:85
139                android:name="com.google.firebase.components:com.google.firebase.messaging.FirebaseMessagingRegistrar"
139-->[com.google.firebase:firebase-messaging:23.4.0] AndroidManifest.xml:61:17-119
140                android:value="com.google.firebase.components.ComponentRegistrar" />
140-->[com.google.firebase:firebase-messaging:23.4.0] AndroidManifest.xml:62:17-82
141            <meta-data
141-->[com.google.firebase:firebase-appcheck:17.1.1] AndroidManifest.xml:25:13-27:85
142                android:name="com.google.firebase.components:com.google.firebase.appcheck.FirebaseAppCheckKtxRegistrar"
142-->[com.google.firebase:firebase-appcheck:17.1.1] AndroidManifest.xml:26:17-120
143                android:value="com.google.firebase.components.ComponentRegistrar" />
143-->[com.google.firebase:firebase-appcheck:17.1.1] AndroidManifest.xml:27:17-82
144            <meta-data
144-->[com.google.firebase:firebase-appcheck:17.1.1] AndroidManifest.xml:28:13-30:85
145                android:name="com.google.firebase.components:com.google.firebase.appcheck.FirebaseAppCheckRegistrar"
145-->[com.google.firebase:firebase-appcheck:17.1.1] AndroidManifest.xml:29:17-117
146                android:value="com.google.firebase.components.ComponentRegistrar" />
146-->[com.google.firebase:firebase-appcheck:17.1.1] AndroidManifest.xml:30:17-82
147            <meta-data
147-->[com.google.firebase:firebase-crashlytics-ktx:18.6.1] AndroidManifest.xml:24:13-26:85
148                android:name="com.google.firebase.components:com.google.firebase.crashlytics.ktx.FirebaseCrashlyticsKtxRegistrar"
148-->[com.google.firebase:firebase-crashlytics-ktx:18.6.1] AndroidManifest.xml:25:17-130
149                android:value="com.google.firebase.components.ComponentRegistrar" />
149-->[com.google.firebase:firebase-crashlytics-ktx:18.6.1] AndroidManifest.xml:26:17-82
150            <meta-data
150-->[com.google.firebase:firebase-analytics-ktx:21.5.0] AndroidManifest.xml:11:13-13:85
151                android:name="com.google.firebase.components:com.google.firebase.analytics.ktx.FirebaseAnalyticsLegacyRegistrar"
151-->[com.google.firebase:firebase-analytics-ktx:21.5.0] AndroidManifest.xml:12:17-129
152                android:value="com.google.firebase.components.ComponentRegistrar" />
152-->[com.google.firebase:firebase-analytics-ktx:21.5.0] AndroidManifest.xml:13:17-82
153            <meta-data
153-->[com.google.firebase:firebase-crashlytics:18.6.1] AndroidManifest.xml:15:13-17:85
154                android:name="com.google.firebase.components:com.google.firebase.crashlytics.FirebaseCrashlyticsKtxRegistrar"
154-->[com.google.firebase:firebase-crashlytics:18.6.1] AndroidManifest.xml:16:17-126
155                android:value="com.google.firebase.components.ComponentRegistrar" />
155-->[com.google.firebase:firebase-crashlytics:18.6.1] AndroidManifest.xml:17:17-82
156            <meta-data
156-->[com.google.firebase:firebase-crashlytics:18.6.1] AndroidManifest.xml:18:13-20:85
157                android:name="com.google.firebase.components:com.google.firebase.crashlytics.CrashlyticsRegistrar"
157-->[com.google.firebase:firebase-crashlytics:18.6.1] AndroidManifest.xml:19:17-115
158                android:value="com.google.firebase.components.ComponentRegistrar" />
158-->[com.google.firebase:firebase-crashlytics:18.6.1] AndroidManifest.xml:20:17-82
159            <meta-data
159-->[com.google.firebase:firebase-config:21.6.0] AndroidManifest.xml:29:13-31:85
160                android:name="com.google.firebase.components:com.google.firebase.remoteconfig.FirebaseRemoteConfigKtxRegistrar"
160-->[com.google.firebase:firebase-config:21.6.0] AndroidManifest.xml:30:17-128
161                android:value="com.google.firebase.components.ComponentRegistrar" />
161-->[com.google.firebase:firebase-config:21.6.0] AndroidManifest.xml:31:17-82
162            <meta-data
162-->[com.google.firebase:firebase-config:21.6.0] AndroidManifest.xml:32:13-34:85
163                android:name="com.google.firebase.components:com.google.firebase.remoteconfig.RemoteConfigRegistrar"
163-->[com.google.firebase:firebase-config:21.6.0] AndroidManifest.xml:33:17-117
164                android:value="com.google.firebase.components.ComponentRegistrar" />
164-->[com.google.firebase:firebase-config:21.6.0] AndroidManifest.xml:34:17-82
165            <meta-data
165-->[com.google.firebase:firebase-sessions:1.2.1] AndroidManifest.xml:29:13-31:85
166                android:name="com.google.firebase.components:com.google.firebase.sessions.FirebaseSessionsRegistrar"
166-->[com.google.firebase:firebase-sessions:1.2.1] AndroidManifest.xml:30:17-117
167                android:value="com.google.firebase.components.ComponentRegistrar" />
167-->[com.google.firebase:firebase-sessions:1.2.1] AndroidManifest.xml:31:17-82
168            <meta-data
168-->[com.google.android.gms:play-services-measurement-api:21.5.0] AndroidManifest.xml:37:13-39:85
169                android:name="com.google.firebase.components:com.google.firebase.analytics.connector.internal.AnalyticsConnectorRegistrar"
169-->[com.google.android.gms:play-services-measurement-api:21.5.0] AndroidManifest.xml:38:17-139
170                android:value="com.google.firebase.components.ComponentRegistrar" />
170-->[com.google.android.gms:play-services-measurement-api:21.5.0] AndroidManifest.xml:39:17-82
171            <meta-data
171-->[com.google.firebase:firebase-installations:17.2.0] AndroidManifest.xml:15:13-17:85
172                android:name="com.google.firebase.components:com.google.firebase.installations.FirebaseInstallationsKtxRegistrar"
172-->[com.google.firebase:firebase-installations:17.2.0] AndroidManifest.xml:16:17-130
173                android:value="com.google.firebase.components.ComponentRegistrar" />
173-->[com.google.firebase:firebase-installations:17.2.0] AndroidManifest.xml:17:17-82
174            <meta-data
174-->[com.google.firebase:firebase-installations:17.2.0] AndroidManifest.xml:18:13-20:85
175                android:name="com.google.firebase.components:com.google.firebase.installations.FirebaseInstallationsRegistrar"
175-->[com.google.firebase:firebase-installations:17.2.0] AndroidManifest.xml:19:17-127
176                android:value="com.google.firebase.components.ComponentRegistrar" />
176-->[com.google.firebase:firebase-installations:17.2.0] AndroidManifest.xml:20:17-82
177            <meta-data
177-->[com.google.firebase:firebase-common-ktx:20.4.2] AndroidManifest.xml:12:13-14:85
178                android:name="com.google.firebase.components:com.google.firebase.ktx.FirebaseCommonLegacyRegistrar"
178-->[com.google.firebase:firebase-common-ktx:20.4.2] AndroidManifest.xml:13:17-116
179                android:value="com.google.firebase.components.ComponentRegistrar" />
179-->[com.google.firebase:firebase-common-ktx:20.4.2] AndroidManifest.xml:14:17-82
180            <meta-data
180-->[com.google.firebase:firebase-common:20.4.2] AndroidManifest.xml:35:13-37:85
181                android:name="com.google.firebase.components:com.google.firebase.FirebaseCommonKtxRegistrar"
181-->[com.google.firebase:firebase-common:20.4.2] AndroidManifest.xml:36:17-109
182                android:value="com.google.firebase.components.ComponentRegistrar" />
182-->[com.google.firebase:firebase-common:20.4.2] AndroidManifest.xml:37:17-82
183            <meta-data
183-->[com.google.firebase:firebase-abt:21.1.1] AndroidManifest.xml:12:13-14:85
184                android:name="com.google.firebase.components:com.google.firebase.abt.component.AbtRegistrar"
184-->[com.google.firebase:firebase-abt:21.1.1] AndroidManifest.xml:13:17-109
185                android:value="com.google.firebase.components.ComponentRegistrar" />
185-->[com.google.firebase:firebase-abt:21.1.1] AndroidManifest.xml:14:17-82
186            <meta-data
186-->[com.google.firebase:firebase-datatransport:18.1.8] AndroidManifest.xml:27:13-29:85
187                android:name="com.google.firebase.components:com.google.firebase.datatransport.TransportRegistrar"
187-->[com.google.firebase:firebase-datatransport:18.1.8] AndroidManifest.xml:28:17-115
188                android:value="com.google.firebase.components.ComponentRegistrar" />
188-->[com.google.firebase:firebase-datatransport:18.1.8] AndroidManifest.xml:29:17-82
189        </service>
190
191        <activity
191-->[com.google.android.gms:play-services-auth:20.7.0] AndroidManifest.xml:23:9-27:75
192            android:name="com.google.android.gms.auth.api.signin.internal.SignInHubActivity"
192-->[com.google.android.gms:play-services-auth:20.7.0] AndroidManifest.xml:24:13-93
193            android:excludeFromRecents="true"
193-->[com.google.android.gms:play-services-auth:20.7.0] AndroidManifest.xml:25:13-46
194            android:exported="false"
194-->[com.google.android.gms:play-services-auth:20.7.0] AndroidManifest.xml:26:13-37
195            android:theme="@android:style/Theme.Translucent.NoTitleBar" />
195-->[com.google.android.gms:play-services-auth:20.7.0] AndroidManifest.xml:27:13-72
196        <!--
197            Service handling Google Sign-In user revocation. For apps that do not integrate with
198            Google Sign-In, this service will never be started.
199        -->
200        <service
200-->[com.google.android.gms:play-services-auth:20.7.0] AndroidManifest.xml:33:9-37:51
201            android:name="com.google.android.gms.auth.api.signin.RevocationBoundService"
201-->[com.google.android.gms:play-services-auth:20.7.0] AndroidManifest.xml:34:13-89
202            android:exported="true"
202-->[com.google.android.gms:play-services-auth:20.7.0] AndroidManifest.xml:35:13-36
203            android:permission="com.google.android.gms.auth.api.signin.permission.REVOCATION_NOTIFICATION"
203-->[com.google.android.gms:play-services-auth:20.7.0] AndroidManifest.xml:36:13-107
204            android:visibleToInstantApps="true" />
204-->[com.google.android.gms:play-services-auth:20.7.0] AndroidManifest.xml:37:13-48
205
206        <activity
206-->[com.google.firebase:firebase-auth:22.3.1] AndroidManifest.xml:29:9-46:20
207            android:name="com.google.firebase.auth.internal.GenericIdpActivity"
207-->[com.google.firebase:firebase-auth:22.3.1] AndroidManifest.xml:30:13-80
208            android:excludeFromRecents="true"
208-->[com.google.firebase:firebase-auth:22.3.1] AndroidManifest.xml:31:13-46
209            android:exported="true"
209-->[com.google.firebase:firebase-auth:22.3.1] AndroidManifest.xml:32:13-36
210            android:launchMode="singleTask"
210-->[com.google.firebase:firebase-auth:22.3.1] AndroidManifest.xml:33:13-44
211            android:theme="@android:style/Theme.Translucent.NoTitleBar" >
211-->[com.google.firebase:firebase-auth:22.3.1] AndroidManifest.xml:34:13-72
212            <intent-filter>
212-->[com.google.firebase:firebase-auth:22.3.1] AndroidManifest.xml:35:13-45:29
213                <action android:name="android.intent.action.VIEW" />
213-->[com.google.firebase:firebase-auth:22.3.1] AndroidManifest.xml:36:17-69
213-->[com.google.firebase:firebase-auth:22.3.1] AndroidManifest.xml:36:25-66
214
215                <category android:name="android.intent.category.DEFAULT" />
215-->[com.google.firebase:firebase-auth:22.3.1] AndroidManifest.xml:38:17-76
215-->[com.google.firebase:firebase-auth:22.3.1] AndroidManifest.xml:38:27-73
216                <category android:name="android.intent.category.BROWSABLE" />
216-->[com.google.firebase:firebase-auth:22.3.1] AndroidManifest.xml:39:17-78
216-->[com.google.firebase:firebase-auth:22.3.1] AndroidManifest.xml:39:27-75
217
218                <data
218-->[com.google.firebase:firebase-auth:22.3.1] AndroidManifest.xml:41:17-44:51
219                    android:host="firebase.auth"
219-->[com.google.firebase:firebase-auth:22.3.1] AndroidManifest.xml:42:21-49
220                    android:path="/"
220-->[com.google.firebase:firebase-auth:22.3.1] AndroidManifest.xml:43:21-37
221                    android:scheme="genericidp" />
221-->[com.google.firebase:firebase-auth:22.3.1] AndroidManifest.xml:44:21-48
222            </intent-filter>
223        </activity>
224        <activity
224-->[com.google.firebase:firebase-auth:22.3.1] AndroidManifest.xml:47:9-64:20
225            android:name="com.google.firebase.auth.internal.RecaptchaActivity"
225-->[com.google.firebase:firebase-auth:22.3.1] AndroidManifest.xml:48:13-79
226            android:excludeFromRecents="true"
226-->[com.google.firebase:firebase-auth:22.3.1] AndroidManifest.xml:49:13-46
227            android:exported="true"
227-->[com.google.firebase:firebase-auth:22.3.1] AndroidManifest.xml:50:13-36
228            android:launchMode="singleTask"
228-->[com.google.firebase:firebase-auth:22.3.1] AndroidManifest.xml:51:13-44
229            android:theme="@android:style/Theme.Translucent.NoTitleBar" >
229-->[com.google.firebase:firebase-auth:22.3.1] AndroidManifest.xml:52:13-72
230            <intent-filter>
230-->[com.google.firebase:firebase-auth:22.3.1] AndroidManifest.xml:53:13-63:29
231                <action android:name="android.intent.action.VIEW" />
231-->[com.google.firebase:firebase-auth:22.3.1] AndroidManifest.xml:36:17-69
231-->[com.google.firebase:firebase-auth:22.3.1] AndroidManifest.xml:36:25-66
232
233                <category android:name="android.intent.category.DEFAULT" />
233-->[com.google.firebase:firebase-auth:22.3.1] AndroidManifest.xml:38:17-76
233-->[com.google.firebase:firebase-auth:22.3.1] AndroidManifest.xml:38:27-73
234                <category android:name="android.intent.category.BROWSABLE" />
234-->[com.google.firebase:firebase-auth:22.3.1] AndroidManifest.xml:39:17-78
234-->[com.google.firebase:firebase-auth:22.3.1] AndroidManifest.xml:39:27-75
235
236                <data
236-->[com.google.firebase:firebase-auth:22.3.1] AndroidManifest.xml:41:17-44:51
237                    android:host="firebase.auth"
237-->[com.google.firebase:firebase-auth:22.3.1] AndroidManifest.xml:42:21-49